<?xml version="1.0" encoding="UTF-8"?>
<!-- Generated by org.testng.reporters.JUnitReportReporter -->
<testsuite hostname="LAPTOP-I32LRC1M" failures="0" tests="1" name="com.HYRAssignments.Corejava.Whiledowhileloop" time="0.014" errors="0" timestamp="2023-09-08T20:25:47 IST" skipped="0">
  <testcase classname="com.HYRAssignments.Corejava.Whiledowhileloop" name="printtheODDnumbers200_to_25_reverseOrder_using_forloop" time="0.014"/>
</testsuite> <!-- com.HYRAssignments.Corejava.Whiledowhileloop -->
