<?xml version="1.0" encoding="UTF-8"?>
<!-- Generated by org.testng.reporters.JUnitReportReporter -->
<testsuite hostname="LAPTOP-I32LRC1M" failures="0" tests="5" name="CoreJavaprograms.reversestring" time="0.013" errors="0" timestamp="2023-09-05T15:27:17 IST" skipped="4">
  <testcase classname="CoreJavaprograms.reversestring" name="Swaptwointegers" time="0.013"/>
  <testcase classname="CoreJavaprograms.reversestring" name="palindrome">
    <skipped/>
  </testcase> <!-- palindrome -->
  <testcase classname="CoreJavaprograms.reversestring" name="ReverseString">
    <skipped/>
  </testcase> <!-- ReverseString -->
  <testcase classname="CoreJavaprograms.reversestring" name="ReverseInteger">
    <skipped/>
  </testcase> <!-- ReverseInteger -->
  <testcase classname="CoreJavaprograms.reversestring" name="Removespecialcharacters">
    <skipped/>
  </testcase> <!-- Removespecialcharacters -->
</testsuite> <!-- CoreJavaprograms.reversestring -->
