<?xml version="1.0" encoding="UTF-8"?>
<!-- Generated by org.testng.reporters.JUnitReportReporter -->
<testsuite hostname="LAPTOP-I32LRC1M" failures="0" tests="1" name="com.HYRAssignments.Corejava.AssignmentString" time="8.183" errors="0" timestamp="2023-09-12T10:18:38 IST" skipped="0">
  <testcase classname="com.HYRAssignments.Corejava.AssignmentString" name="Findnumberof_CharactersinaString" time="8.183"/>
</testsuite> <!-- com.HYRAssignments.Corejava.AssignmentString -->
