<?xml version="1.0" encoding="UTF-8"?>
<!-- Generated by org.testng.reporters.JUnitReportReporter -->
<testsuite hostname="LAPTOP-I32LRC1M" failures="0" tests="6" name="CoreJavaprograms.PGMS" time="0.023" errors="0" timestamp="2023-09-06T06:26:56 IST" skipped="0">
  <testcase classname="CoreJavaprograms.PGMS" name="ReverseInteger" time="0.012"/>
  <testcase classname="CoreJavaprograms.PGMS" name="stringpalindromeornot" time="0.004"/>
  <testcase classname="CoreJavaprograms.PGMS" name="reversestring" time="0.002"/>
  <testcase classname="CoreJavaprograms.PGMS" name="swaptwo" time="0.001"/>
  <testcase classname="CoreJavaprograms.PGMS" name="reversearray" time="0.002"/>
  <testcase classname="CoreJavaprograms.PGMS" name="intpalindrome" time="0.002"/>
</testsuite> <!-- CoreJavaprograms.PGMS -->
