<?xml version="1.0" encoding="UTF-8"?>
<!-- Generated by org.testng.reporters.JUnitReportReporter -->
<testsuite hostname="LAPTOP-I32LRC1M" failures="0" tests="1" name="Practice_Selenium.Dropdowns" time="11.859" errors="0" timestamp="2023-09-20T09:22:22 IST" skipped="0">
  <testcase classname="Practice_Selenium.Dropdowns" name="setup" time="11.859"/>
</testsuite> <!-- Practice_Selenium.Dropdowns -->
