<?xml version="1.0" encoding="UTF-8"?>
<!-- Generated by org.testng.reporters.JUnitReportReporter -->
<testsuite hostname="LAPTOP-I32LRC1M" failures="0" tests="1" name="Practice_Selenium.Frame_hyr" time="73.096" errors="0" timestamp="2023-08-26T10:05:36 IST" skipped="0">
  <testcase classname="Practice_Selenium.Frame_hyr" name="frame" time="73.096"/>
</testsuite> <!-- Practice_Selenium.Frame_hyr -->
