<?xml version="1.0" encoding="UTF-8"?>
<!-- Generated by org.testng.reporters.JUnitReportReporter -->
<testsuite hostname="LAPTOP-I32LRC1M" failures="0" tests="1" name="selenium.Login" time="11.852" errors="0" timestamp="2023-08-17T21:15:42 IST" skipped="0">
  <testcase classname="selenium.Login" name="valid_username_password" time="11.852"/>
</testsuite> <!-- selenium.Login -->
