<?xml version="1.0" encoding="UTF-8"?>
<!-- Generated by org.testng.reporters.JUnitReportReporter -->
<testsuite hostname="LAPTOP-I32LRC1M" failures="0" tests="8" name="Practice_Selenium.Xpath_Locator" time="10.635" errors="0" timestamp="2023-08-27T20:31:23 IST" skipped="7">
  <testcase classname="Practice_Selenium.Xpath_Locator" name="chapter8" time="10.635"/>
  <testcase classname="Practice_Selenium.Xpath_Locator" name="Chapter1">
    <skipped/>
  </testcase> <!-- Chapter1 -->
  <testcase classname="Practice_Selenium.Xpath_Locator" name="chapter2">
    <skipped/>
  </testcase> <!-- chapter2 -->
  <testcase classname="Practice_Selenium.Xpath_Locator" name="chapter3">
    <skipped/>
  </testcase> <!-- chapter3 -->
  <testcase classname="Practice_Selenium.Xpath_Locator" name="chapter4">
    <skipped/>
  </testcase> <!-- chapter4 -->
  <testcase classname="Practice_Selenium.Xpath_Locator" name="chapter5">
    <skipped/>
  </testcase> <!-- chapter5 -->
  <testcase classname="Practice_Selenium.Xpath_Locator" name="chapter6">
    <skipped/>
  </testcase> <!-- chapter6 -->
  <testcase classname="Practice_Selenium.Xpath_Locator" name="chapter7">
    <skipped/>
  </testcase> <!-- chapter7 -->
</testsuite> <!-- Practice_Selenium.Xpath_Locator -->
